<?xml version="1.0" encoding="UTF-8"?>
<!-- Generated by org.testng.reporters.JUnitReportReporter -->
<testsuite hostname="Mac-mini-de-OUBILLUS.local" failures="0" tests="1" name="com.ifs.tests.BuildMenuTest" time="0.000" errors="0" timestamp="06 Dec 2017 22:00:15 GMT" skipped="1">
  <testcase classname="com.ifs.tests.BuildMenuTest" name="verifyBuild" time="0.000">
    <skipped/>
  </testcase> <!-- verifyBuild -->
</testsuite> <!-- com.ifs.tests.BuildMenuTest -->
