<?xml version="1.0" encoding="UTF-8"?>
<!-- Generated by org.testng.reporters.JUnitReportReporter -->
<testsuite hostname="Mac-mini-de-OUBILLUS.local" failures="0" tests="4" name="com.ifs.tests.SignInPageTest" time="31.806" errors="0" timestamp="14 Dec 2017 20:15:36 GMT" skipped="0">
  <testcase classname="com.ifs.tests.SignInPageTest" name="verifySignInEmpty" time="2.915"/>
  <testcase classname="com.ifs.tests.SignInPageTest" name="verifySignInSucessfully" time="5.944"/>
  <testcase classname="com.ifs.tests.SignInPageTest" name="verifySignInFailed" time="16.450"/>
  <testcase classname="com.ifs.tests.SignInPageTest" name="verifySignInSingleFailed" time="6.497"/>
</testsuite> <!-- com.ifs.tests.SignInPageTest -->
